#
# There is insufficient memory for the Java Runtime Environment to continue.
# Native memory allocation (malloc) failed to allocate 1048576 bytes for AllocateHeap
# Possible reasons:
#   The system is out of physical RAM or swap space
#   The process is running with CompressedOops enabled, and the Java Heap may be blocking the growth of the native heap
# Possible solutions:
#   Reduce memory load on the system
#   Increase physical memory or swap space
#   Check if swap backing store is full
#   Decrease Java heap size (-Xmx/-Xms)
#   Decrease number of Java threads
#   Decrease Java thread stack sizes (-Xss)
#   Set larger code cache with -XX:ReservedCodeCacheSize=
#   JVM is running with Unscaled Compressed Oops mode in which the Java heap is
#     placed in the first 4GB address space. The Java Heap base address is the
#     maximum limit for the native heap growth. Please use -XX:HeapBaseMinAddress
#     to set the Java Heap base and to place the Java Heap above 4GB virtual address.
# This output file may be truncated or incomplete.
#
#  Out of Memory Error (memory/allocation.inline.hpp:61), pid=8992, tid=0x0000000000001f38
#
# JRE version:  (8.0_261-b12) (build )
# Java VM: Java HotSpot(TM) 64-Bit Server VM (25.261-b12 mixed mode windows-amd64 compressed oops)
# Failed to write core dump. Minidumps are not enabled by default on client versions of Windows
#

---------------  T H R E A D  ---------------

Current thread (0x0000022292b2b800):  JavaThread "Unknown thread" [_thread_in_vm, id=7992, stack(0x0000004871e00000,0x0000004871f00000)]

Stack: [0x0000004871e00000,0x0000004871f00000]
Native frames: (J=compiled Java code, j=interpreted, Vv=VM code, C=native code)
V  [jvm.dll+0x33e5f9]
V  [jvm.dll+0x2850e2]
V  [jvm.dll+0x285d8d]
V  [jvm.dll+0x27c895]
V  [jvm.dll+0x1565d]
V  [jvm.dll+0x3e2507]
V  [jvm.dll+0x3e2ef8]
V  [jvm.dll+0x10c61f]
V  [jvm.dll+0x21a00b]
V  [jvm.dll+0x248687]
V  [jvm.dll+0x172116]
C  [javaw.exe+0x2322]
C  [javaw.exe+0x16564]
C  [KERNEL32.DLL+0x17974]
C  [ntdll.dll+0x6a261]


---------------  P R O C E S S  ---------------

Java Threads: ( => current thread )

Other Threads:

=>0x0000022292b2b800 (exited) JavaThread "Unknown thread" [_thread_in_vm, id=7992, stack(0x0000004871e00000,0x0000004871f00000)]

VM state:not at safepoint (normal execution)

VM Mutex/Monitor currently owned by a thread: None

heap address: 0x00000000a0200000, size: 1534 MB, Compressed Oops mode: 32-bit
Narrow klass base: 0x0000000000000000, Narrow klass shift: 3
Compressed class space size: 1073741824 Address: 0x0000000100000000

Heap:
 PSYoungGen      total 28672K, used 491K [0x00000000e0100000, 0x00000000e2100000, 0x0000000100000000)
  eden space 24576K, 2% used [0x00000000e0100000,0x00000000e017ae20,0x00000000e1900000)
  from space 4096K, 0% used [0x00000000e1d00000,0x00000000e1d00000,0x00000000e2100000)
  to   space 4096K, 0% used [0x00000000e1900000,0x00000000e1900000,0x00000000e1d00000)
 ParOldGen       total 65536K, used 0K [0x00000000a0200000, 0x00000000a4200000, 0x00000000e0100000)
  object space 65536K, 0% used [0x00000000a0200000,0x00000000a0200000,0x00000000a4200000)
 Metaspace       used 752K, capacity 4480K, committed 4480K, reserved 1056768K
  class space    used 76K, capacity 384K, committed 384K, reserved 1048576K

Card table byte_map: [0x00000222a3c70000,0x00000222a3f70000] byte_map_base: 0x00000222a376f000

Marking Bits: (ParMarkBitMap*) 0x0000000067584fb0
 Begin Bits: [0x00000222a4170000, 0x00000222a5968000)
 End Bits:   [0x00000222a5968000, 0x00000222a7160000)

Polling page: 0x0000022294880000

CodeCache: size=245760Kb used=328Kb max_used=328Kb free=245431Kb
 bounds [0x00000222948b0000, 0x0000022294b20000, 0x00000222a38b0000]
 total_blobs=57 nmethods=0 adapters=38
 compilation: enabled

Compilation events (0 events):
No events

GC Heap History (0 events):
No events

Deoptimization events (0 events):
No events

Classes redefined (0 events):
No events

Internal exceptions (0 events):
No events

Events (10 events):
Event: 0.036 loading class java/lang/Short
Event: 0.036 loading class java/lang/Short done
Event: 0.036 loading class java/lang/Integer
Event: 0.036 loading class java/lang/Integer done
Event: 0.036 loading class java/lang/Long
Event: 0.036 loading class java/lang/Long done
Event: 0.037 loading class java/lang/NullPointerException
Event: 0.037 loading class java/lang/NullPointerException done
Event: 0.037 loading class java/lang/ArithmeticException
Event: 0.037 loading class java/lang/ArithmeticException done


Dynamic libraries:
0x00007ff62fa90000 - 0x00007ff62fad7000 	C:\Program Files\Java\jre1.8.0_261\bin\javaw.exe
0x00007ff9d0610000 - 0x00007ff9d07fd000 	C:\Windows\SYSTEM32\ntdll.dll
0x00007ff9cf700000 - 0x00007ff9cf7b3000 	C:\Windows\System32\KERNEL32.DLL
0x00007ff9cca80000 - 0x00007ff9ccd13000 	C:\Windows\System32\KERNELBASE.dll
0x00007ff9cf410000 - 0x00007ff9cf4b3000 	C:\Windows\System32\ADVAPI32.dll
0x00007ff9cf9d0000 - 0x00007ff9cfa6e000 	C:\Windows\System32\msvcrt.dll
0x00007ff9cf4c0000 - 0x00007ff9cf55e000 	C:\Windows\System32\sechost.dll
0x00007ff9cf7c0000 - 0x00007ff9cf8e2000 	C:\Windows\System32\RPCRT4.dll
0x00007ff9ceec0000 - 0x00007ff9cf057000 	C:\Windows\System32\USER32.dll
0x00007ff9cc6d0000 - 0x00007ff9cc6f0000 	C:\Windows\System32\win32u.dll
0x00007ff9d01b0000 - 0x00007ff9d01d9000 	C:\Windows\System32\GDI32.dll
0x00007ff9cc6f0000 - 0x00007ff9cc889000 	C:\Windows\System32\gdi32full.dll
0x00007ff9cd040000 - 0x00007ff9cd0e0000 	C:\Windows\System32\msvcp_win.dll
0x00007ff9cc8e0000 - 0x00007ff9cc9da000 	C:\Windows\System32\ucrtbase.dll
0x00007ff9ca9d0000 - 0x00007ff9cac49000 	C:\Windows\WinSxS\amd64_microsoft.windows.common-controls_6595b64144ccf1df_6.0.17763.1007_none_de6d4302534ef0da\COMCTL32.dll
0x00007ff9cf060000 - 0x00007ff9cf38c000 	C:\Windows\System32\combase.dll
0x00007ff9cca00000 - 0x00007ff9cca7e000 	C:\Windows\System32\bcryptPrimitives.dll
0x00007ff9d01e0000 - 0x00007ff9d020e000 	C:\Windows\System32\IMM32.DLL
0x00007ff9cc4a0000 - 0x00007ff9cc4fd000 	C:\Program Files\Citrix\System32\MfApHook64.dll
0x00007ff9cbb30000 - 0x00007ff9cbb5b000 	C:\Program Files\Citrix\ICAService\CtxDodHook64.dll
0x00007ff9cc3b0000 - 0x00007ff9cc3e2000 	C:\Program Files\Citrix\ICAService\picaFullScreenHookX64.dll
0x00007ff9cbda0000 - 0x00007ff9cbdee000 	C:\Program Files\Citrix\ICAService\ShellHook64.dll
0x00007ff9cd9c0000 - 0x00007ff9ceeb4000 	C:\Windows\System32\SHELL32.dll
0x00007ff9cc890000 - 0x00007ff9cc8da000 	C:\Windows\System32\cfgmgr32.dll
0x00007ff9cfad0000 - 0x00007ff9cfb78000 	C:\Windows\System32\shcore.dll
0x00007ff9cd0e0000 - 0x00007ff9cd82d000 	C:\Windows\System32\windows.storage.dll
0x00007ff9cc6a0000 - 0x00007ff9cc6c4000 	C:\Windows\System32\profapi.dll
0x00007ff9cc640000 - 0x00007ff9cc69d000 	C:\Windows\System32\powrprof.dll
0x00007ff9cfa70000 - 0x00007ff9cfac2000 	C:\Windows\System32\shlwapi.dll
0x00007ff9cc600000 - 0x00007ff9cc611000 	C:\Windows\System32\kernel.appcore.dll
0x00007ff9cc9e0000 - 0x00007ff9cc9f7000 	C:\Windows\System32\cryptsp.dll
0x00007ff9cbc20000 - 0x00007ff9cbd9e000 	C:\Program Files\Citrix\ICAService\SCardHook64.dll
0x00007ff9cbb00000 - 0x00007ff9cbb2a000 	C:\Program Files\Citrix\ICAService\cxinjime64.dll
0x00007ff9cbab0000 - 0x00007ff9cbaf9000 	C:\Program Files\Citrix\ICAService\PicaWtsHook64.dll
0x00007ff9b7240000 - 0x00007ff9b7255000 	C:\Program Files\Java\jre1.8.0_261\bin\vcruntime140.dll
0x00007ff9b71a0000 - 0x00007ff9b723b000 	C:\Program Files\Java\jre1.8.0_261\bin\msvcp140.dll
0x0000000066d90000 - 0x00000000675fc000 	C:\Program Files\Java\jre1.8.0_261\bin\server\jvm.dll
0x00007ff9d0370000 - 0x00007ff9d0378000 	C:\Windows\System32\PSAPI.DLL
0x00007ff9c0e20000 - 0x00007ff9c0e29000 	C:\Windows\SYSTEM32\WSOCK32.dll
0x00007ff9c9610000 - 0x00007ff9c9634000 	C:\Windows\SYSTEM32\WINMM.dll
0x00007ff9c9450000 - 0x00007ff9c947d000 	C:\Windows\SYSTEM32\WINMMBASE.dll
0x00007ff9d0570000 - 0x00007ff9d05dd000 	C:\Windows\System32\WS2_32.dll
0x00007ff9cc490000 - 0x00007ff9cc49a000 	C:\Windows\SYSTEM32\VERSION.dll
0x00007ff9c06c0000 - 0x00007ff9c06d0000 	C:\Program Files\Java\jre1.8.0_261\bin\verify.dll
0x00007ff9b8770000 - 0x00007ff9b879b000 	C:\Program Files\Java\jre1.8.0_261\bin\java.dll
0x00007ff9b8750000 - 0x00007ff9b8768000 	C:\Program Files\Java\jre1.8.0_261\bin\zip.dll
0x00007ff9b1ea0000 - 0x00007ff9b208d000 	C:\Windows\SYSTEM32\dbghelp.dll

VM Arguments:
jvm_args: -Dcom.sun.management.jmxremote -Dcom.sun.management.jmxremote.port=57351 -Dcom.sun.management.jmxremote.authenticate=false -Dcom.sun.management.jmxremote.ssl=false -Djava.rmi.server.hostname=localhost -Dspring.jmx.enabled=true -Dspring.application.admin.enabled=true -Xverify:none -XX:TieredStopAtLevel=1 -Dspring.boot.project.name=spc-discovery -Dfile.encoding=UTF-8 
java_command: com.spc.spcdiscovery.SpcDiscoveryApplication --spring.output.ansi.enabled=always
java_class_path (initial): C:\spc_BackEnd\spc-discovery\target\classes;C:\Users\Administrator\.m2\repository\org\springframework\cloud\spring-cloud-starter-netflix-eureka-server\2.2.3.RELEASE\spring-cloud-starter-netflix-eureka-server-2.2.3.RELEASE.jar;C:\Users\Administrator\.m2\repository\org\springframework\cloud\spring-cloud-starter\2.2.3.RELEASE\spring-cloud-starter-2.2.3.RELEASE.jar;C:\Users\Administrator\.m2\repository\org\springframework\cloud\spring-cloud-context\2.2.3.RELEASE\spring-cloud-context-2.2.3.RELEASE.jar;C:\Users\Administrator\.m2\repository\org\springframework\security\spring-security-crypto\5.3.3.RELEASE\spring-security-crypto-5.3.3.RELEASE.jar;C:\Users\Administrator\.m2\repository\org\springframework\cloud\spring-cloud-commons\2.2.3.RELEASE\spring-cloud-commons-2.2.3.RELEASE.jar;C:\Users\Administrator\.m2\repository\org\springframework\security\spring-security-rsa\1.0.9.RELEASE\spring-security-rsa-1.0.9.RELEASE.jar;C:\Users\Administrator\.m2\repository\org\bouncycastle\bcpkix-jdk15on\1.64\bcpkix-jdk15on-1.64.jar;C:\Users\Administrator\.m2\repository\org\bouncycastle\bcprov-jdk15on\1.64\bcprov-jdk15on-1.64.jar;C:\Users\Administrator\.m2\repository\org\springframework\cloud\spring-cloud-netflix-eureka-server\2.2.3.RELEASE\spring-cloud-netflix-eureka-server-2.2.3.RELEASE.jar;C:\Users\Administrator\.m2\repository\org\springframework\boot\spring-boot-starter-web\2.3.1.RELEASE\spring-boot-starter-web-2.3.1.RELEASE.jar;C:\Users\Administrator\.m2\repository\org\springframework\boot\spring-boot-starter-json\2.3.1.RELEASE\spring-boot-starter-json-2.3.1.RELEASE.jar;C:\Users\Administrator\.m2\repository\com\fasterxml\jackson\datatype\jackson-datatype-jdk8\2.11.0\jackson-datatype-jdk8-2.11.0.jar;C:\Users\Administrator\.m2\repository\com\fasterxml\jackson\datatype\jackson-datatype-jsr310\2.11.0\jackson-datatype-jsr310-2.11.0.jar;C:\Users\Administrator\.m2\repository\com\fasterxml\jackson\module\jackson-module-parameter-names\2.11.0\jackson-module-parameter
Launcher Type: SUN_STANDARD

Environment Variables:
PATH=C:/Program Files/Java/jre1.8.0_261/bin/server;C:/Program Files/Java/jre1.8.0_261/bin;C:/Program Files/Java/jre1.8.0_261/lib/amd64;C:\Program Files\nodejs\;C:\Python38\Scripts\;C:\Python38\;C:\Program Files (x86)\Common Files\Oracle\Java\javapath;C:\Windows\system32;C:\Windows;C:\Windows\System32\Wbem;C:\Windows\System32\WindowsPowerShell\v1.0\;C:\Windows\System32\OpenSSH\;C:\Program Files\Citrix\System32\;C:\Program Files\Citrix\ICAService\;C:\kafka_2.12-2.0.0\bin\windows;C:\Program Files\Git\cmd;C:\ProgramData\chocolatey\bin;C:\ProgramData\chocolatey\lib\maven\apache-maven-3.6.3\bin;C:\Gradle\gradle-6.6.1\bin;C:\Users\Administrator\AppData\Local\Microsoft\WindowsApps;C:\Program Files\Bandizip\;C:\Program Files\JetBrains\IntelliJ IDEA Community Edition 2020.1.2\bin;;C:\Users\Administrator\AppData\Local\Programs\Microsoft VS Code\bin;C:\Users\Administrator\AppData\Roaming\npm;C:\work\sts-4.7.0.RELEASE;
USERNAME=kyh2708
OS=Windows_NT
PROCESSOR_IDENTIFIER=Intel64 Family 6 Model 85 Stepping 7, GenuineIntel



---------------  S Y S T E M  ---------------

OS: Windows 10.0 , 64 bit Build 17763 (10.0.17763.475)

CPU:total 4 (initial active 4) (4 cores per cpu, 1 threads per core) family 6 model 85 stepping 7, cmov, cx8, fxsr, mmx, sse, sse2, sse3, ssse3, sse4.1, sse4.2, popcnt, avx, avx2, aes, clmul, erms, rtm, 3dnowpref, lzcnt, tsc, bmi1, bmi2, adx

Memory: 4k page, physical 6282864k(293040k free), swap 14671472k(5136k free)

vm_info: Java HotSpot(TM) 64-Bit Server VM (25.261-b12) for windows-amd64 JRE (1.8.0_261-b12), built on Jun 18 2020 06:56:32 by "" with unknown MS VC++:1916

time: Thu Sep 17 07:47:52 2020
timezone: ¢¥eCN©öI¡¾©ö C¡ÍA¨ª¨öA
elapsed time: 0 seconds (0d 0h 0m 0s)

